[debug] [2026-01-02T19:28:50.217Z] ----------------------------------------------------------------------
[debug] [2026-01-02T19:28:50.222Z] Command:       C:\Program Files\nodejs\node.exe C:\Users\Srinu Palavalasa\AppData\Roaming\npm\node_modules\firebase-tools\lib\bin\firebase.js init
[debug] [2026-01-02T19:28:50.223Z] CLI Version:   15.1.0
[debug] [2026-01-02T19:28:50.223Z] Platform:      win32
[debug] [2026-01-02T19:28:50.223Z] Node Version:  v22.20.0
[debug] [2026-01-02T19:28:50.224Z] Time:          Sat Jan 03 2026 00:58:50 GMT+0530 (India Standard Time)
[debug] [2026-01-02T19:28:50.224Z] ----------------------------------------------------------------------
[debug] 
[info] 
     ######## #### ########  ######## ########     ###     ######  ########
     ##        ##  ##     ## ##       ##     ##  ##   ##  ##       ##
     ######    ##  ########  ######   ########  #########  ######  ######
     ##        ##  ##    ##  ##       ##     ## ##     ##       ## ##
     ##       #### ##     ## ######## ########  ##     ##  ######  ########

You're about to initialize a Firebase project in this directory:

  C:\Users\Srinu Palavalasa\Desktop\orchids-peer-learn-ai-platform

[info] 
=== Project Setup
[info] 
[info] First, let's associate this project directory with a Firebase project.
[info] You can create multiple project aliases by running firebase use --add, 
[info] 
[debug] [2026-01-02T19:29:16.439Z] > command requires scopes: ["email","openid","https://www.googleapis.com/auth/cloudplatformprojects.readonly","https://www.googleapis.com/auth/firebase","https://www.googleapis.com/auth/cloud-platform"]
[debug] [2026-01-02T19:29:16.440Z] > authorizing via signed-in user (srinupalavalasa586@gmail.com)
[debug] [2026-01-02T19:29:16.441Z] Checked if tokens are valid: true, expires at: 1767385632919
[debug] [2026-01-02T19:29:16.441Z] Checked if tokens are valid: true, expires at: 1767385632919
[debug] [2026-01-02T19:29:16.443Z] >>> [apiv2][query] GET https://firebase.googleapis.com/v1beta1/projects pageSize=100
[debug] [2026-01-02T19:29:18.212Z] <<< [apiv2][status] GET https://firebase.googleapis.com/v1beta1/projects 200
[debug] [2026-01-02T19:29:18.212Z] <<< [apiv2][body] GET https://firebase.googleapis.com/v1beta1/projects [omitted]
[info] 
=== Hosting Setup
[debug] [2026-01-02T19:29:21.424Z] Checked if tokens are valid: true, expires at: 1767385632919
[debug] [2026-01-02T19:29:21.424Z] Checked if tokens are valid: true, expires at: 1767385632919
[debug] [2026-01-02T19:29:21.424Z] >>> [apiv2][query] GET https://firebase.googleapis.com/v1beta1/projects/peer-learning-ea4c9 [none]
[debug] [2026-01-02T19:29:21.891Z] <<< [apiv2][status] GET https://firebase.googleapis.com/v1beta1/projects/peer-learning-ea4c9 200
[debug] [2026-01-02T19:29:21.892Z] <<< [apiv2][body] GET https://firebase.googleapis.com/v1beta1/projects/peer-learning-ea4c9 {"projectId":"peer-learning-ea4c9","projectNumber":"145196735102","displayName":"Peer-Learning","name":"projects/peer-learning-ea4c9","resources":{"hostingSite":"peer-learning-ea4c9"},"state":"ACTIVE","etag":"1_51797cf2-d3c7-4247-a496-5f8fc02a57f8"}
[info] 
[info] Your public directory is the folder (relative to your project directory) that
[info] will contain Hosting assets to be uploaded with firebase deploy. If you
[info] have a build process for your assets, use your build's output directory.
[info] 
[info] 
[info] i  Detected a .git folder at C:\Users\Srinu Palavalasa\Desktop\orchids-peer-learn-ai-platform 
[info] i  Authorizing with GitHub to upload your service account to a GitHub repository's secrets store. 
[info] 
[info] Visit this URL on this device to log in:
[info] https://github.com/login/oauth/authorize?client_id=89cf50f02ac6aaed3484&state=963052916&redirect_uri=http%3A%2F%2Flocalhost%3A9005&scope=read%3Auser%20repo%20public_repo
[info] 
[info] Waiting for authentication...
[debug] [2026-01-02T19:29:29.486Z] >>> [apiv2][query] POST https://github.com/login/oauth/access_token [none]
[debug] [2026-01-02T19:29:29.487Z] >>> [apiv2][body] POST https://github.com/login/oauth/access_token [stream]
[debug] [2026-01-02T19:29:30.186Z] <<< [apiv2][status] POST https://github.com/login/oauth/access_token 200
[debug] [2026-01-02T19:29:30.186Z] <<< [apiv2][body] POST https://github.com/login/oauth/access_token {"access_token":"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","token_type":"bearer","scope":"read:user,repo"}
[debug] [2026-01-02T19:29:30.205Z] >>> [apiv2][query] GET https://api.github.com/user [none]
[debug] [2026-01-02T19:29:31.006Z] <<< [apiv2][status] GET https://api.github.com/user 200
[debug] [2026-01-02T19:29:31.006Z] <<< [apiv2][body] GET https://api.github.com/user {"login":"Srinu586-Palavalasa","id":177915388,"node_id":"U_kgDOCprF_A","avatar_url":"https://avatars.githubusercontent.com/u/177915388?v=4","gravatar_id":"","url":"https://api.github.com/users/Srinu586-Palavalasa","html_url":"https://github.com/Srinu586-Palavalasa","followers_url":"https://api.github.com/users/Srinu586-Palavalasa/followers","following_url":"https://api.github.com/users/Srinu586-Palavalasa/following{/other_user}","gists_url":"https://api.github.com/users/Srinu586-Palavalasa/gists{/gist_id}","starred_url":"https://api.github.com/users/Srinu586-Palavalasa/starred{/owner}{/repo}","subscriptions_url":"https://api.github.com/users/Srinu586-Palavalasa/subscriptions","organizations_url":"https://api.github.com/users/Srinu586-Palavalasa/orgs","repos_url":"https://api.github.com/users/Srinu586-Palavalasa/repos","events_url":"https://api.github.com/users/Srinu586-Palavalasa/events{/privacy}","received_events_url":"https://api.github.com/users/Srinu586-Palavalasa/received_events","type":"User","user_view_type":"private","site_admin":false,"name":null,"company":null,"blog":"","location":null,"email":null,"hireable":null,"bio":null,"twitter_username":null,"notification_email":null,"public_repos":19,"public_gists":0,"followers":0,"following":0,"created_at":"2024-08-09T06:49:21Z","updated_at":"2026-01-02T10:50:27Z","private_gists":0,"total_private_repos":3,"owned_private_repos":3,"disk_usage":27638,"collaborators":0,"two_factor_authentication":false,"plan":{"name":"free","space":976562499,"collaborators":0,"private_repos":10000}}
[info] 
[info] +  Success! Logged into GitHub as Srinu586-Palavalasa 
[info] 
[debug] [2026-01-02T19:30:30.692Z] >>> [apiv2][query] GET https://api.github.com/repos/Srinu586-Palavalasa/orchids-peer-learn-ai-pla/actions/secrets/public-key type=owner
[debug] [2026-01-02T19:30:31.319Z] <<< [apiv2][status] GET https://api.github.com/repos/Srinu586-Palavalasa/orchids-peer-learn-ai-pla/actions/secrets/public-key 404
[debug] [2026-01-02T19:30:31.319Z] <<< [apiv2][body] GET https://api.github.com/repos/Srinu586-Palavalasa/orchids-peer-learn-ai-pla/actions/secrets/public-key {"message":"Not Found","documentation_url":"https://docs.github.com/rest/actions/secrets#get-a-repository-public-key","status":"404"}
[info] 
[info] 
[error] !  The provided authorization cannot be used with this repository. If this repository is in an organization, did you remember to grant access? 
[info] 
[info] i  Action required: Visit this URL to ensure access has been granted to the appropriate organization(s) for the Firebase CLI GitHub OAuth App: 
[info] https://github.com/settings/connections/applications/89cf50f02ac6aaed3484
[info] 
